<?xml version="1.0" encoding="UTF-8"?>
<testng-results skipped="0" failed="0" ignored="0" total="0" passed="0">
  <reporter-output>
  </reporter-output>
  <suite name="Cucumber Suite - API" duration-ms="7" started-at="2023-03-07T20:45:24 IST" finished-at="2023-03-07T20:45:24 IST">
    <groups>
    </groups>
    <test name="Test" duration-ms="7" started-at="2023-03-07T20:45:24 IST" finished-at="2023-03-07T20:45:24 IST">
    </test> <!-- Test -->
  </suite> <!-- Cucumber Suite - API -->
</testng-results>
